Determining if the pthread_create exist failed with the following output:
Change Dir: /home/adnen/workspace/arm_plugin/build/CMakeFiles/CMakeTmp

Run Build Command:/usr/bin/make "cmTryCompileExec4239603506/fast"
/usr/bin/make -f CMakeFiles/cmTryCompileExec4239603506.dir/build.make CMakeFiles/cmTryCompileExec4239603506.dir/build
make[1]: Entering directory `/home/adnen/workspace/arm_plugin/build/CMakeFiles/CMakeTmp'
/usr/bin/cmake -E cmake_progress_report /home/adnen/workspace/arm_plugin/build/CMakeFiles/CMakeTmp/CMakeFiles 1
Building C object CMakeFiles/cmTryCompileExec4239603506.dir/CheckSymbolExists.c.o
/usr/bin/cc    -o CMakeFiles/cmTryCompileExec4239603506.dir/CheckSymbolExists.c.o   -c /home/adnen/workspace/arm_plugin/build/CMakeFiles/CMakeTmp/CheckSymbolExists.c
Linking C executable cmTryCompileExec4239603506
/usr/bin/cmake -E cmake_link_script CMakeFiles/cmTryCompileExec4239603506.dir/link.txt --verbose=1
/usr/bin/cc       CMakeFiles/cmTryCompileExec4239603506.dir/CheckSymbolExists.c.o  -o cmTryCompileExec4239603506 -rdynamic 
CMakeFiles/cmTryCompileExec4239603506.dir/CheckSymbolExists.c.o: In function `main':
CheckSymbolExists.c:(.text+0x16): undefined reference to `pthread_create'
collect2: error: ld returned 1 exit status
make[1]: Leaving directory `/home/adnen/workspace/arm_plugin/build/CMakeFiles/CMakeTmp'
make[1]: *** [cmTryCompileExec4239603506] Error 1
make: *** [cmTryCompileExec4239603506/fast] Error 2

File /home/adnen/workspace/arm_plugin/build/CMakeFiles/CMakeTmp/CheckSymbolExists.c:
/* */
#include <pthread.h>

int main(int argc, char** argv)
{
  (void)argv;
#ifndef pthread_create
  return ((int*)(&pthread_create))[argc];
#else
  (void)argc;
  return 0;
#endif
}

Determining if the function pthread_create exists in the pthreads failed with the following output:
Change Dir: /home/adnen/workspace/arm_plugin/build/CMakeFiles/CMakeTmp

Run Build Command:/usr/bin/make "cmTryCompileExec210575794/fast"
/usr/bin/make -f CMakeFiles/cmTryCompileExec210575794.dir/build.make CMakeFiles/cmTryCompileExec210575794.dir/build
make[1]: Entering directory `/home/adnen/workspace/arm_plugin/build/CMakeFiles/CMakeTmp'
/usr/bin/cmake -E cmake_progress_report /home/adnen/workspace/arm_plugin/build/CMakeFiles/CMakeTmp/CMakeFiles 1
Building C object CMakeFiles/cmTryCompileExec210575794.dir/CheckFunctionExists.c.o
/usr/bin/cc   -DCHECK_FUNCTION_EXISTS=pthread_create   -o CMakeFiles/cmTryCompileExec210575794.dir/CheckFunctionExists.c.o   -c /usr/share/cmake-2.8/Modules/CheckFunctionExists.c
Linking C executable cmTryCompileExec210575794
/usr/bin/cmake -E cmake_link_script CMakeFiles/cmTryCompileExec210575794.dir/link.txt --verbose=1
/usr/bin/cc   -DCHECK_FUNCTION_EXISTS=pthread_create    CMakeFiles/cmTryCompileExec210575794.dir/CheckFunctionExists.c.o  -o cmTryCompileExec210575794 -rdynamic -lpthreads 
/usr/bin/ld: cannot find -lpthreads
collect2: error: ld returned 1 exit status
make[1]: Leaving directory `/home/adnen/workspace/arm_plugin/build/CMakeFiles/CMakeTmp'
make[1]: *** [cmTryCompileExec210575794] Error 1
make: *** [cmTryCompileExec210575794/fast] Error 2


