Determining if the pthread_create exist failed with the following output:
Change Dir: /home/adnen/workspace/arm_plugin/Release/CMakeFiles/CMakeTmp

Run Build Command:/usr/bin/make "cmTryCompileExec3503747105/fast"
/usr/bin/make -f CMakeFiles/cmTryCompileExec3503747105.dir/build.make CMakeFiles/cmTryCompileExec3503747105.dir/build
make[1]: Entering directory `/home/adnen/workspace/arm_plugin/Release/CMakeFiles/CMakeTmp'
/usr/bin/cmake -E cmake_progress_report /home/adnen/workspace/arm_plugin/Release/CMakeFiles/CMakeTmp/CMakeFiles 1
Building C object CMakeFiles/cmTryCompileExec3503747105.dir/CheckSymbolExists.c.o
/usr/bin/cc    -o CMakeFiles/cmTryCompileExec3503747105.dir/CheckSymbolExists.c.o   -c /home/adnen/workspace/arm_plugin/Release/CMakeFiles/CMakeTmp/CheckSymbolExists.c
Linking C executable cmTryCompileExec3503747105
/usr/bin/cmake -E cmake_link_script CMakeFiles/cmTryCompileExec3503747105.dir/link.txt --verbose=1
/usr/bin/cc       CMakeFiles/cmTryCompileExec3503747105.dir/CheckSymbolExists.c.o  -o cmTryCompileExec3503747105 -rdynamic 
CMakeFiles/cmTryCompileExec3503747105.dir/CheckSymbolExists.c.o: In function `main':
CheckSymbolExists.c:(.text+0x16): undefined reference to `pthread_create'
collect2: error: ld returned 1 exit status
make[1]: Leaving directory `/home/adnen/workspace/arm_plugin/Release/CMakeFiles/CMakeTmp'
make[1]: *** [cmTryCompileExec3503747105] Error 1
make: *** [cmTryCompileExec3503747105/fast] Error 2

File /home/adnen/workspace/arm_plugin/Release/CMakeFiles/CMakeTmp/CheckSymbolExists.c:
/* */
#include <pthread.h>

int main(int argc, char** argv)
{
  (void)argv;
#ifndef pthread_create
  return ((int*)(&pthread_create))[argc];
#else
  (void)argc;
  return 0;
#endif
}

Determining if the function pthread_create exists in the pthreads failed with the following output:
Change Dir: /home/adnen/workspace/arm_plugin/Release/CMakeFiles/CMakeTmp

Run Build Command:/usr/bin/make "cmTryCompileExec4179272387/fast"
/usr/bin/make -f CMakeFiles/cmTryCompileExec4179272387.dir/build.make CMakeFiles/cmTryCompileExec4179272387.dir/build
make[1]: Entering directory `/home/adnen/workspace/arm_plugin/Release/CMakeFiles/CMakeTmp'
/usr/bin/cmake -E cmake_progress_report /home/adnen/workspace/arm_plugin/Release/CMakeFiles/CMakeTmp/CMakeFiles 1
Building C object CMakeFiles/cmTryCompileExec4179272387.dir/CheckFunctionExists.c.o
/usr/bin/cc   -DCHECK_FUNCTION_EXISTS=pthread_create   -o CMakeFiles/cmTryCompileExec4179272387.dir/CheckFunctionExists.c.o   -c /usr/share/cmake-2.8/Modules/CheckFunctionExists.c
Linking C executable cmTryCompileExec4179272387
/usr/bin/cmake -E cmake_link_script CMakeFiles/cmTryCompileExec4179272387.dir/link.txt --verbose=1
/usr/bin/cc   -DCHECK_FUNCTION_EXISTS=pthread_create    CMakeFiles/cmTryCompileExec4179272387.dir/CheckFunctionExists.c.o  -o cmTryCompileExec4179272387 -rdynamic -lpthreads 
/usr/bin/ld: cannot find -lpthreads
collect2: error: ld returned 1 exit status
make[1]: *** [cmTryCompileExec4179272387] Error 1
make[1]: Leaving directory `/home/adnen/workspace/arm_plugin/Release/CMakeFiles/CMakeTmp'
make: *** [cmTryCompileExec4179272387/fast] Error 2


